{"devicePlatform":"","logFolder":"/Users/wfkostapavlovski/Katalon Studio/TestRepo/Reports/TS_RegressionTest/20180705_133527","runData":{"hostName":"wfkostapavlovski - 192.168.2.135","hostAddress":"192.168.2.135","os":"Mac OS X 64bit","katalonVersion":"5.4.2.1"},"type":"TEST_SUITE","name":"TS_RegressionTest","id":"Test Suites/TS_RegressionTest","source":"","message":"Test Cases/Main Test Cases/TC1_Verify Successful Login FAILED because (of) Unable to open browser with url: \u0027http://demoaut.katalon.com\u0027 (Root cause: org.openqa.selenium.WebDriverException: Process unexpectedly closed with status: 0\nBuild info: version: \u00273.7.1\u0027, revision: \u00278a0099a\u0027, time: \u00272017-11-06T21:07:36.161Z\u0027\nSystem info: host: \u0027Kostas-MacBook-Pro.local\u0027, ip: \u0027192.168.2.135\u0027, os.name: \u0027Mac OS X\u0027, os.arch: \u0027x86_64\u0027, os.version: \u002710.13.2\u0027, java.version: \u00271.8.0_102\u0027\nDriver info: driver.version: CGeckoDriver\nremote stacktrace: stack backtrace:\n   0:        0x1065f9a8e - backtrace::backtrace::trace::h69682bcb53decaf6\n   1:        0x1065f9acc - backtrace::capture::Backtrace::new::hdc9d731a957304a6\n   2:        0x10652a434 - webdriver::error::WebDriverError::new::h930061353eac4c81\n   3:        0x106531dcc - geckodriver::marionette::MarionetteHandler::create_connection::hc09196342b760e35\n   4:        0x1065117d4 - _$LT$webdriver..server..Dispatcher$LT$T$C$$u20$U$GT$$GT$::run::hfda25a6dc0b512aa\n   5:        0x1064e9645 - std::sys_common::backtrace::__rust_begin_short_backtrace::h95009c1d3a320838\n   6:        0x1064f111d - std::panicking::try::do_call::h8c5f07f1fc714fb2\n   7:        0x1066aa9cc - __rust_maybe_catch_panic\n   8:        0x106506f55 - _$LT$F$u20$as$u20$alloc..boxed..FnBox$LT$A$GT$$GT$::call_box::h6a96e09ff4d37bff\n   9:        0x1066a6c3b - std::sys::imp::thread::Thread::new::thread_start::h823686b907c11c46\n  10:     0x7fff7b6206c0 - _pthread_body\n  11:     0x7fff7b62056c - _pthread_start)","description":"","startTime":1530790530828,"endTime":1530790536452,"childRecords":[{"isOptional":false,"type":"TEST_CASE","name":"Test Cases/Main Test Cases/TC1_Verify Successful Login","id":"Test Cases/Main Test Cases/TC1_Verify Successful Login","source":"\\\\Users\\\\wfkostapavlovski\\\\Katalon Studio\\\\TestRepo\\\\Test Cases\\\\Main Test Cases\\\\TC1_Verify Successful Login.tc","message":"Test Cases/Main Test Cases/TC1_Verify Successful Login FAILED because (of) Unable to open browser with url: \u0027http://demoaut.katalon.com\u0027 (Root cause: org.openqa.selenium.WebDriverException: Process unexpectedly closed with status: 0\nBuild info: version: \u00273.7.1\u0027, revision: \u00278a0099a\u0027, time: \u00272017-11-06T21:07:36.161Z\u0027\nSystem info: host: \u0027Kostas-MacBook-Pro.local\u0027, ip: \u0027192.168.2.135\u0027, os.name: \u0027Mac OS X\u0027, os.arch: \u0027x86_64\u0027, os.version: \u002710.13.2\u0027, java.version: \u00271.8.0_102\u0027\nDriver info: driver.version: CGeckoDriver\nremote stacktrace: stack backtrace:\n   0:        0x1065f9a8e - backtrace::backtrace::trace::h69682bcb53decaf6\n   1:        0x1065f9acc - backtrace::capture::Backtrace::new::hdc9d731a957304a6\n   2:        0x10652a434 - webdriver::error::WebDriverError::new::h930061353eac4c81\n   3:        0x106531dcc - geckodriver::marionette::MarionetteHandler::create_connection::hc09196342b760e35\n   4:        0x1065117d4 - _$LT$webdriver..server..Dispatcher$LT$T$C$$u20$U$GT$$GT$::run::hfda25a6dc0b512aa\n   5:        0x1064e9645 - std::sys_common::backtrace::__rust_begin_short_backtrace::h95009c1d3a320838\n   6:        0x1064f111d - std::panicking::try::do_call::h8c5f07f1fc714fb2\n   7:        0x1066aa9cc - __rust_maybe_catch_panic\n   8:        0x106506f55 - _$LT$F$u20$as$u20$alloc..boxed..FnBox$LT$A$GT$$GT$::call_box::h6a96e09ff4d37bff\n   9:        0x1066a6c3b - std::sys::imp::thread::Thread::new::thread_start::h823686b907c11c46\n  10:     0x7fff7b6206c0 - _pthread_body\n  11:     0x7fff7b62056c - _pthread_start)","description":"Verify if users can login successful. \\n\\nSteps:\\n- Click on \u0027Book Appointment\u0027 button to login\\n- Input username and password\\n- Click on \u0027Login\u0027 button\\n\\nExpected result:\\n\u0027Appointment\u0027 section is displayed after successful login","startTime":1530790531563,"endTime":1530790535667,"childRecords":[{"testStatus":{"stackTrace":"","statusValue":"INFO"},"type":"MESSAGE","name":"","message":"Evaluating variables for test case","startTime":1530790531613,"endTime":0,"childRecords":[],"interuppted":false},{"testStatus":{"stackTrace":"","statusValue":"INFO"},"type":"MESSAGE","name":"","message":"Variable \u0027Username\u0027 is set to John Doe as default","startTime":1530790531687,"endTime":0,"childRecords":[],"interuppted":false},{"testStatus":{"stackTrace":"","statusValue":"INFO"},"type":"MESSAGE","name":"","message":"Variable \u0027Password\u0027 is set to ThisIsNotAPassword as default","startTime":1530790531712,"endTime":0,"childRecords":[],"interuppted":false},{"index":1,"isIgnoredIfFailed":false,"type":"TEST_STEP","name":"comment","message":"Story: Login to CURA system","description":"","startTime":1530790532242,"endTime":1530790532305,"childRecords":[],"interuppted":false},{"index":2,"isIgnoredIfFailed":false,"type":"TEST_STEP","name":"comment","message":"Given that the user has the valid login information","description":"","startTime":1530790532306,"endTime":1530790532309,"childRecords":[],"interuppted":false},{"index":3,"isIgnoredIfFailed":false,"type":"TEST_STEP","name":"openBrowser","message":"Unable to open browser with url: \u0027http://demoaut.katalon.com\u0027 (Root cause: org.openqa.selenium.WebDriverException: Process unexpectedly closed with status: 0\nBuild info: version: \u00273.7.1\u0027, revision: \u00278a0099a\u0027, time: \u00272017-11-06T21:07:36.161Z\u0027\nSystem info: host: \u0027Kostas-MacBook-Pro.local\u0027, ip: \u0027192.168.2.135\u0027, os.name: \u0027Mac OS X\u0027, os.arch: \u0027x86_64\u0027, os.version: \u002710.13.2\u0027, java.version: \u00271.8.0_102\u0027\nDriver info: driver.version: CGeckoDriver\nremote stacktrace: stack backtrace:\n   0:        0x1065f9a8e - backtrace::backtrace::trace::h69682bcb53decaf6\n   1:        0x1065f9acc - backtrace::capture::Backtrace::new::hdc9d731a957304a6\n   2:        0x10652a434 - webdriver::error::WebDriverError::new::h930061353eac4c81\n   3:        0x106531dcc - geckodriver::marionette::MarionetteHandler::create_connection::hc09196342b760e35\n   4:        0x1065117d4 - _$LT$webdriver..server..Dispatcher$LT$T$C$$u20$U$GT$$GT$::run::hfda25a6dc0b512aa\n   5:        0x1064e9645 - std::sys_common::backtrace::__rust_begin_short_backtrace::h95009c1d3a320838\n   6:        0x1064f111d - std::panicking::try::do_call::h8c5f07f1fc714fb2\n   7:        0x1066aa9cc - __rust_maybe_catch_panic\n   8:        0x106506f55 - _$LT$F$u20$as$u20$alloc..boxed..FnBox$LT$A$GT$$GT$::call_box::h6a96e09ff4d37bff\n   9:        0x1066a6c3b - std::sys::imp::thread::Thread::new::thread_start::h823686b907c11c46\n  10:     0x7fff7b6206c0 - _pthread_body\n  11:     0x7fff7b62056c - _pthread_start)","description":"","startTime":1530790532311,"endTime":1530790535663,"childRecords":[{"testStatus":{"stackTrace":"","statusValue":"FAILED"},"type":"MESSAGE","name":"","message":"Unable to open browser with url: \u0027http://demoaut.katalon.com\u0027 (Root cause: org.openqa.selenium.WebDriverException: Process unexpectedly closed with status: 0\nBuild info: version: \u00273.7.1\u0027, revision: \u00278a0099a\u0027, time: \u00272017-11-06T21:07:36.161Z\u0027\nSystem info: host: \u0027Kostas-MacBook-Pro.local\u0027, ip: \u0027192.168.2.135\u0027, os.name: \u0027Mac OS X\u0027, os.arch: \u0027x86_64\u0027, os.version: \u002710.13.2\u0027, java.version: \u00271.8.0_102\u0027\nDriver info: driver.version: CGeckoDriver\nremote stacktrace: stack backtrace:\n   0:        0x1065f9a8e - backtrace::backtrace::trace::h69682bcb53decaf6\n   1:        0x1065f9acc - backtrace::capture::Backtrace::new::hdc9d731a957304a6\n   2:        0x10652a434 - webdriver::error::WebDriverError::new::h930061353eac4c81\n   3:        0x106531dcc - geckodriver::marionette::MarionetteHandler::create_connection::hc09196342b760e35\n   4:        0x1065117d4 - _$LT$webdriver..server..Dispatcher$LT$T$C$$u20$U$GT$$GT$::run::hfda25a6dc0b512aa\n   5:        0x1064e9645 - std::sys_common::backtrace::__rust_begin_short_backtrace::h95009c1d3a320838\n   6:        0x1064f111d - std::panicking::try::do_call::h8c5f07f1fc714fb2\n   7:        0x1066aa9cc - __rust_maybe_catch_panic\n   8:        0x106506f55 - _$LT$F$u20$as$u20$alloc..boxed..FnBox$LT$A$GT$$GT$::call_box::h6a96e09ff4d37bff\n   9:        0x1066a6c3b - std::sys::imp::thread::Thread::new::thread_start::h823686b907c11c46\n  10:     0x7fff7b6206c0 - _pthread_body\n  11:     0x7fff7b62056c - _pthread_start)","startTime":1530790535661,"endTime":0,"childRecords":[],"interuppted":false}],"interuppted":false},{"testStatus":{"stackTrace":"","statusValue":"FAILED"},"type":"MESSAGE","name":"","message":"Test Cases/Main Test Cases/TC1_Verify Successful Login FAILED because (of) Unable to open browser with url: \u0027http://demoaut.katalon.com\u0027 (Root cause: org.openqa.selenium.WebDriverException: Process unexpectedly closed with status: 0\nBuild info: version: \u00273.7.1\u0027, revision: \u00278a0099a\u0027, time: \u00272017-11-06T21:07:36.161Z\u0027\nSystem info: host: \u0027Kostas-MacBook-Pro.local\u0027, ip: \u0027192.168.2.135\u0027, os.name: \u0027Mac OS X\u0027, os.arch: \u0027x86_64\u0027, os.version: \u002710.13.2\u0027, java.version: \u00271.8.0_102\u0027\nDriver info: driver.version: CGeckoDriver\nremote stacktrace: stack backtrace:\n   0:        0x1065f9a8e - backtrace::backtrace::trace::h69682bcb53decaf6\n   1:        0x1065f9acc - backtrace::capture::Backtrace::new::hdc9d731a957304a6\n   2:        0x10652a434 - webdriver::error::WebDriverError::new::h930061353eac4c81\n   3:        0x106531dcc - geckodriver::marionette::MarionetteHandler::create_connection::hc09196342b760e35\n   4:        0x1065117d4 - _$LT$webdriver..server..Dispatcher$LT$T$C$$u20$U$GT$$GT$::run::hfda25a6dc0b512aa\n   5:        0x1064e9645 - std::sys_common::backtrace::__rust_begin_short_backtrace::h95009c1d3a320838\n   6:        0x1064f111d - std::panicking::try::do_call::h8c5f07f1fc714fb2\n   7:        0x1066aa9cc - __rust_maybe_catch_panic\n   8:        0x106506f55 - _$LT$F$u20$as$u20$alloc..boxed..FnBox$LT$A$GT$$GT$::call_box::h6a96e09ff4d37bff\n   9:        0x1066a6c3b - std::sys::imp::thread::Thread::new::thread_start::h823686b907c11c46\n  10:     0x7fff7b6206c0 - _pthread_body\n  11:     0x7fff7b62056c - _pthread_start)","startTime":1530790535664,"endTime":0,"childRecords":[],"interuppted":false}],"interuppted":false},{"isOptional":false,"type":"TEST_CASE","name":"Test Cases/Main Test Cases/TC2_Verify Successful Appointment","id":"Test Cases/Main Test Cases/TC2_Verify Successful Appointment","source":"\\\\Users\\\\wfkostapavlovski\\\\Katalon Studio\\\\TestRepo\\\\Test Cases\\\\Main Test Cases\\\\TC2_Verify Successful Appointment.tc","message":"Test Cases/Main Test Cases/TC2_Verify Successful Appointment FAILED because (of) Unable to open browser with url: \u0027http://demoaut.katalon.com\u0027 (Root cause: org.openqa.selenium.WebDriverException: Cannot find firefox binary in PATH. Make sure firefox is installed. OS appears to be: MAC\nBuild info: version: \u00273.7.1\u0027, revision: \u00278a0099a\u0027, time: \u00272017-11-06T21:07:36.161Z\u0027\nSystem info: host: \u0027Kostas-MacBook-Pro.local\u0027, ip: \u0027192.168.2.135\u0027, os.name: \u0027Mac OS X\u0027, os.arch: \u0027x86_64\u0027, os.version: \u002710.13.2\u0027, java.version: \u00271.8.0_102\u0027\nDriver info: driver.version: unknown)","description":"Verify if users can book an appointment sucessfully.\\nPre-condition: Users have already logged in\\n\\nSteps:\\n- Fill in appoinment\u0027s information\\n- Click on appointment\u0027s button\\n\\nExpected results:\\nAppointment Confirmation page is displayed","startTime":1530790535671,"endTime":1530790536030,"childRecords":[{"testStatus":{"stackTrace":"","statusValue":"INFO"},"type":"MESSAGE","name":"","message":"Evaluating variables for test case","startTime":1530790535699,"endTime":0,"childRecords":[],"interuppted":false},{"index":1,"isIgnoredIfFailed":false,"type":"TEST_STEP","name":"comment","message":"Story: Book an appointment","description":"","startTime":1530790535984,"endTime":1530790535993,"childRecords":[],"interuppted":false},{"index":2,"isIgnoredIfFailed":false,"type":"TEST_STEP","name":"comment","message":"Given that the user has logged into their account","description":"","startTime":1530790535994,"endTime":1530790536009,"childRecords":[],"interuppted":false},{"index":3,"isIgnoredIfFailed":false,"type":"TEST_STEP","name":"openBrowser","message":"Unable to open browser with url: \u0027http://demoaut.katalon.com\u0027 (Root cause: org.openqa.selenium.WebDriverException: Cannot find firefox binary in PATH. Make sure firefox is installed. OS appears to be: MAC\nBuild info: version: \u00273.7.1\u0027, revision: \u00278a0099a\u0027, time: \u00272017-11-06T21:07:36.161Z\u0027\nSystem info: host: \u0027Kostas-MacBook-Pro.local\u0027, ip: \u0027192.168.2.135\u0027, os.name: \u0027Mac OS X\u0027, os.arch: \u0027x86_64\u0027, os.version: \u002710.13.2\u0027, java.version: \u00271.8.0_102\u0027\nDriver info: driver.version: unknown)","description":"","startTime":1530790536010,"endTime":1530790536028,"childRecords":[{"testStatus":{"stackTrace":"","statusValue":"FAILED"},"type":"MESSAGE","name":"","message":"Unable to open browser with url: \u0027http://demoaut.katalon.com\u0027 (Root cause: org.openqa.selenium.WebDriverException: Cannot find firefox binary in PATH. Make sure firefox is installed. OS appears to be: MAC\nBuild info: version: \u00273.7.1\u0027, revision: \u00278a0099a\u0027, time: \u00272017-11-06T21:07:36.161Z\u0027\nSystem info: host: \u0027Kostas-MacBook-Pro.local\u0027, ip: \u0027192.168.2.135\u0027, os.name: \u0027Mac OS X\u0027, os.arch: \u0027x86_64\u0027, os.version: \u002710.13.2\u0027, java.version: \u00271.8.0_102\u0027\nDriver info: driver.version: unknown)","startTime":1530790536027,"endTime":0,"childRecords":[],"interuppted":false}],"interuppted":false},{"testStatus":{"stackTrace":"","statusValue":"FAILED"},"type":"MESSAGE","name":"","message":"Test Cases/Main Test Cases/TC2_Verify Successful Appointment FAILED because (of) Unable to open browser with url: \u0027http://demoaut.katalon.com\u0027 (Root cause: org.openqa.selenium.WebDriverException: Cannot find firefox binary in PATH. Make sure firefox is installed. OS appears to be: MAC\nBuild info: version: \u00273.7.1\u0027, revision: \u00278a0099a\u0027, time: \u00272017-11-06T21:07:36.161Z\u0027\nSystem info: host: \u0027Kostas-MacBook-Pro.local\u0027, ip: \u0027192.168.2.135\u0027, os.name: \u0027Mac OS X\u0027, os.arch: \u0027x86_64\u0027, os.version: \u002710.13.2\u0027, java.version: \u00271.8.0_102\u0027\nDriver info: driver.version: unknown)","startTime":1530790536028,"endTime":0,"childRecords":[],"interuppted":false}],"interuppted":false},{"isOptional":false,"type":"TEST_CASE","name":"Test Cases/Main Test Cases/Test1","id":"Test Cases/Main Test Cases/Test1","source":"\\\\Users\\\\wfkostapavlovski\\\\Katalon Studio\\\\TestRepo\\\\Test Cases\\\\Main Test Cases\\\\Test1.tc","message":"Test Cases/Main Test Cases/Test1 FAILED because (of) Unable to accept alert (Root cause: com.kms.katalon.core.webui.exception.BrowserNotOpenedException: Browser is not opened\nBuild info: version: \u00273.7.1\u0027, revision: \u00278a0099a\u0027, time: \u00272017-11-06T21:07:36.161Z\u0027\nSystem info: host: \u0027Kostas-MacBook-Pro.local\u0027, ip: \u0027192.168.2.135\u0027, os.name: \u0027Mac OS X\u0027, os.arch: \u0027x86_64\u0027, os.version: \u002710.13.2\u0027, java.version: \u00271.8.0_102\u0027\nDriver info: driver.version: unknown)","description":"","startTime":1530790536043,"endTime":1530790536351,"childRecords":[{"testStatus":{"stackTrace":"","statusValue":"INFO"},"type":"MESSAGE","name":"","message":"Evaluating variables for test case","startTime":1530790536051,"endTime":0,"childRecords":[],"interuppted":false},{"index":1,"isIgnoredIfFailed":false,"type":"TEST_STEP","name":"acceptAlert","message":"Unable to accept alert (Root cause: com.kms.katalon.core.webui.exception.BrowserNotOpenedException: Browser is not opened\nBuild info: version: \u00273.7.1\u0027, revision: \u00278a0099a\u0027, time: \u00272017-11-06T21:07:36.161Z\u0027\nSystem info: host: \u0027Kostas-MacBook-Pro.local\u0027, ip: \u0027192.168.2.135\u0027, os.name: \u0027Mac OS X\u0027, os.arch: \u0027x86_64\u0027, os.version: \u002710.13.2\u0027, java.version: \u00271.8.0_102\u0027\nDriver info: driver.version: unknown)","description":"","startTime":1530790536315,"endTime":1530790536349,"childRecords":[{"testStatus":{"stackTrace":"","statusValue":"WARNING"},"type":"MESSAGE","name":"","message":"Cannot take screenshot","startTime":1530790536345,"endTime":0,"childRecords":[],"interuppted":false},{"testStatus":{"stackTrace":"","statusValue":"FAILED"},"type":"MESSAGE","name":"","message":"Unable to accept alert (Root cause: com.kms.katalon.core.webui.exception.BrowserNotOpenedException: Browser is not opened\nBuild info: version: \u00273.7.1\u0027, revision: \u00278a0099a\u0027, time: \u00272017-11-06T21:07:36.161Z\u0027\nSystem info: host: \u0027Kostas-MacBook-Pro.local\u0027, ip: \u0027192.168.2.135\u0027, os.name: \u0027Mac OS X\u0027, os.arch: \u0027x86_64\u0027, os.version: \u002710.13.2\u0027, java.version: \u00271.8.0_102\u0027\nDriver info: driver.version: unknown)","startTime":1530790536348,"endTime":0,"childRecords":[],"interuppted":false}],"interuppted":false},{"testStatus":{"stackTrace":"","statusValue":"FAILED"},"type":"MESSAGE","name":"","message":"Test Cases/Main Test Cases/Test1 FAILED because (of) Unable to accept alert (Root cause: com.kms.katalon.core.webui.exception.BrowserNotOpenedException: Browser is not opened\nBuild info: version: \u00273.7.1\u0027, revision: \u00278a0099a\u0027, time: \u00272017-11-06T21:07:36.161Z\u0027\nSystem info: host: \u0027Kostas-MacBook-Pro.local\u0027, ip: \u0027192.168.2.135\u0027, os.name: \u0027Mac OS X\u0027, os.arch: \u0027x86_64\u0027, os.version: \u002710.13.2\u0027, java.version: \u00271.8.0_102\u0027\nDriver info: driver.version: unknown)","startTime":1530790536349,"endTime":0,"childRecords":[],"interuppted":false}],"interuppted":false}],"interuppted":false}