<?xml version="1.0" encoding="UTF-8"?>
<testsuites name="TS_RegressionTest" time="5" tests="0" failures="3" errors="0">
   <testsuite name="TS_RegressionTest" tests="0" failures="3" errors="0" time="5" timestamp="2018-07-05 13:35:30" hostname="wfkostapavlovski - 192.168.2.135" id="Test Suites/TS_RegressionTest">
      <properties>
         <property name="deviceName" value=""/>
         <property name="devicePlatform" value=""/>
         <property name="logFolder" value="/Users/wfkostapavlovski/Katalon Studio/TestRepo/Reports/TS_RegressionTest/20180705_133527"/>
         <property name="logFiles" value="/Users/wfkostapavlovski/Katalon Studio/TestRepo/Reports/TS_RegressionTest/20180705_133527/execution0.log"/>
         <property name="attachments" value=""/>
         <property name="hostName" value="wfkostapavlovski - 192.168.2.135"/>
         <property name="hostAddress" value="192.168.2.135"/>
         <property name="os" value="Mac OS X 64bit"/>
         <property name="katalonVersion" value="5.4.2.1"/>
      </properties>
      <testcase name="Test Cases/Main Test Cases/TC1_Verify Successful Login" classname="Test Cases/Main Test Cases/TC1_Verify Successful Login" status="FAILED">
         <failure type="FAILED" message="Unable to open browser with url: 'http://demoaut.katalon.com' (Root cause: org.openqa.selenium.WebDriverException: Process unexpectedly closed with status: 0
Build info: version: '3.7.1', revision: '8a0099a', time: '2017-11-06T21:07:36.161Z'
System info: host: 'Kostas-MacBook-Pro.local', ip: '192.168.2.135', os.name: 'Mac OS X', os.arch: 'x86_64', os.version: '10.13.2', java.version: '1.8.0_102'
Driver info: driver.version: CGeckoDriver
remote stacktrace: stack backtrace:
   0:        0x1065f9a8e - backtrace::backtrace::trace::h69682bcb53decaf6
   1:        0x1065f9acc - backtrace::capture::Backtrace::new::hdc9d731a957304a6
   2:        0x10652a434 - webdriver::error::WebDriverError::new::h930061353eac4c81
   3:        0x106531dcc - geckodriver::marionette::MarionetteHandler::create_connection::hc09196342b760e35
   4:        0x1065117d4 - _$LT$webdriver..server..Dispatcher$LT$T$C$$u20$U$GT$$GT$::run::hfda25a6dc0b512aa
   5:        0x1064e9645 - std::sys_common::backtrace::__rust_begin_short_backtrace::h95009c1d3a320838
   6:        0x1064f111d - std::panicking::try::do_call::h8c5f07f1fc714fb2
   7:        0x1066aa9cc - __rust_maybe_catch_panic
   8:        0x106506f55 - _$LT$F$u20$as$u20$alloc..boxed..FnBox$LT$A$GT$$GT$::call_box::h6a96e09ff4d37bff
   9:        0x1066a6c3b - std::sys::imp::thread::Thread::new::thread_start::h823686b907c11c46
  10:     0x7fff7b6206c0 - _pthread_body
  11:     0x7fff7b62056c - _pthread_start)"/>
         <system-out><![CDATA[2018-07-05 13:35:31 - [TEST_CASE][FAILED] - Test Cases/Main Test Cases/TC1_Verify Successful Login: Test Cases/Main Test Cases/TC1_Verify Successful Login FAILED because (of) Unable to open browser with url: 'http://demoaut.katalon.com' (Root cause: org.openqa.selenium.WebDriverException: Process unexpectedly closed with status: 0
Build info: version: '3.7.1', revision: '8a0099a', time: '2017-11-06T21:07:36.161Z'
System info: host: 'Kostas-MacBook-Pro.local', ip: '192.168.2.135', os.name: 'Mac OS X', os.arch: 'x86_64', os.version: '10.13.2', java.version: '1.8.0_102'
Driver info: driver.version: CGeckoDriver
remote stacktrace: stack backtrace:
   0:        0x1065f9a8e - backtrace::backtrace::trace::h69682bcb53decaf6
   1:        0x1065f9acc - backtrace::capture::Backtrace::new::hdc9d731a957304a6
   2:        0x10652a434 - webdriver::error::WebDriverError::new::h930061353eac4c81
   3:        0x106531dcc - geckodriver::marionette::MarionetteHandler::create_connection::hc09196342b760e35
   4:        0x1065117d4 - _$LT$webdriver..server..Dispatcher$LT$T$C$$u20$U$GT$$GT$::run::hfda25a6dc0b512aa
   5:        0x1064e9645 - std::sys_common::backtrace::__rust_begin_short_backtrace::h95009c1d3a320838
   6:        0x1064f111d - std::panicking::try::do_call::h8c5f07f1fc714fb2
   7:        0x1066aa9cc - __rust_maybe_catch_panic
   8:        0x106506f55 - _$LT$F$u20$as$u20$alloc..boxed..FnBox$LT$A$GT$$GT$::call_box::h6a96e09ff4d37bff
   9:        0x1066a6c3b - std::sys::imp::thread::Thread::new::thread_start::h823686b907c11c46
  10:     0x7fff7b6206c0 - _pthread_body
  11:     0x7fff7b62056c - _pthread_start)

2018-07-05 13:35:32 - [TEST_STEP][PASSED] - comment: Story: Login to CURA system

2018-07-05 13:35:32 - [TEST_STEP][PASSED] - comment: Given that the user has the valid login information

2018-07-05 13:35:32 - [TEST_STEP][FAILED] - openBrowser: Unable to open browser with url: 'http://demoaut.katalon.com' (Root cause: org.openqa.selenium.WebDriverException: Process unexpectedly closed with status: 0
Build info: version: '3.7.1', revision: '8a0099a', time: '2017-11-06T21:07:36.161Z'
System info: host: 'Kostas-MacBook-Pro.local', ip: '192.168.2.135', os.name: 'Mac OS X', os.arch: 'x86_64', os.version: '10.13.2', java.version: '1.8.0_102'
Driver info: driver.version: CGeckoDriver
remote stacktrace: stack backtrace:
   0:        0x1065f9a8e - backtrace::backtrace::trace::h69682bcb53decaf6
   1:        0x1065f9acc - backtrace::capture::Backtrace::new::hdc9d731a957304a6
   2:        0x10652a434 - webdriver::error::WebDriverError::new::h930061353eac4c81
   3:        0x106531dcc - geckodriver::marionette::MarionetteHandler::create_connection::hc09196342b760e35
   4:        0x1065117d4 - _$LT$webdriver..server..Dispatcher$LT$T$C$$u20$U$GT$$GT$::run::hfda25a6dc0b512aa
   5:        0x1064e9645 - std::sys_common::backtrace::__rust_begin_short_backtrace::h95009c1d3a320838
   6:        0x1064f111d - std::panicking::try::do_call::h8c5f07f1fc714fb2
   7:        0x1066aa9cc - __rust_maybe_catch_panic
   8:        0x106506f55 - _$LT$F$u20$as$u20$alloc..boxed..FnBox$LT$A$GT$$GT$::call_box::h6a96e09ff4d37bff
   9:        0x1066a6c3b - std::sys::imp::thread::Thread::new::thread_start::h823686b907c11c46
  10:     0x7fff7b6206c0 - _pthread_body
  11:     0x7fff7b62056c - _pthread_start)

2018-07-05 13:35:35 - [MESSAGE][FAILED] - Unable to open browser with url: 'http://demoaut.katalon.com' (Root cause: org.openqa.selenium.WebDriverException: Process unexpectedly closed with status: 0
Build info: version: '3.7.1', revision: '8a0099a', time: '2017-11-06T21:07:36.161Z'
System info: host: 'Kostas-MacBook-Pro.local', ip: '192.168.2.135', os.name: 'Mac OS X', os.arch: 'x86_64', os.version: '10.13.2', java.version: '1.8.0_102'
Driver info: driver.version: CGeckoDriver
remote stacktrace: stack backtrace:
   0:        0x1065f9a8e - backtrace::backtrace::trace::h69682bcb53decaf6
   1:        0x1065f9acc - backtrace::capture::Backtrace::new::hdc9d731a957304a6
   2:        0x10652a434 - webdriver::error::WebDriverError::new::h930061353eac4c81
   3:        0x106531dcc - geckodriver::marionette::MarionetteHandler::create_connection::hc09196342b760e35
   4:        0x1065117d4 - _$LT$webdriver..server..Dispatcher$LT$T$C$$u20$U$GT$$GT$::run::hfda25a6dc0b512aa
   5:        0x1064e9645 - std::sys_common::backtrace::__rust_begin_short_backtrace::h95009c1d3a320838
   6:        0x1064f111d - std::panicking::try::do_call::h8c5f07f1fc714fb2
   7:        0x1066aa9cc - __rust_maybe_catch_panic
   8:        0x106506f55 - _$LT$F$u20$as$u20$alloc..boxed..FnBox$LT$A$GT$$GT$::call_box::h6a96e09ff4d37bff
   9:        0x1066a6c3b - std::sys::imp::thread::Thread::new::thread_start::h823686b907c11c46
  10:     0x7fff7b6206c0 - _pthread_body
  11:     0x7fff7b62056c - _pthread_start)]]></system-out>
         <system-err><![CDATA[2018-07-05 13:35:31 - [TEST_CASE][FAILED] - Test Cases/Main Test Cases/TC1_Verify Successful Login: Test Cases/Main Test Cases/TC1_Verify Successful Login FAILED because (of) Unable to open browser with url: 'http://demoaut.katalon.com' (Root cause: org.openqa.selenium.WebDriverException: Process unexpectedly closed with status: 0
Build info: version: '3.7.1', revision: '8a0099a', time: '2017-11-06T21:07:36.161Z'
System info: host: 'Kostas-MacBook-Pro.local', ip: '192.168.2.135', os.name: 'Mac OS X', os.arch: 'x86_64', os.version: '10.13.2', java.version: '1.8.0_102'
Driver info: driver.version: CGeckoDriver
remote stacktrace: stack backtrace:
   0:        0x1065f9a8e - backtrace::backtrace::trace::h69682bcb53decaf6
   1:        0x1065f9acc - backtrace::capture::Backtrace::new::hdc9d731a957304a6
   2:        0x10652a434 - webdriver::error::WebDriverError::new::h930061353eac4c81
   3:        0x106531dcc - geckodriver::marionette::MarionetteHandler::create_connection::hc09196342b760e35
   4:        0x1065117d4 - _$LT$webdriver..server..Dispatcher$LT$T$C$$u20$U$GT$$GT$::run::hfda25a6dc0b512aa
   5:        0x1064e9645 - std::sys_common::backtrace::__rust_begin_short_backtrace::h95009c1d3a320838
   6:        0x1064f111d - std::panicking::try::do_call::h8c5f07f1fc714fb2
   7:        0x1066aa9cc - __rust_maybe_catch_panic
   8:        0x106506f55 - _$LT$F$u20$as$u20$alloc..boxed..FnBox$LT$A$GT$$GT$::call_box::h6a96e09ff4d37bff
   9:        0x1066a6c3b - std::sys::imp::thread::Thread::new::thread_start::h823686b907c11c46
  10:     0x7fff7b6206c0 - _pthread_body
  11:     0x7fff7b62056c - _pthread_start)]]></system-err>
      </testcase>
      <testcase name="Test Cases/Main Test Cases/TC2_Verify Successful Appointment" classname="Test Cases/Main Test Cases/TC2_Verify Successful Appointment" status="FAILED">
         <failure type="FAILED" message="Unable to open browser with url: 'http://demoaut.katalon.com' (Root cause: org.openqa.selenium.WebDriverException: Cannot find firefox binary in PATH. Make sure firefox is installed. OS appears to be: MAC
Build info: version: '3.7.1', revision: '8a0099a', time: '2017-11-06T21:07:36.161Z'
System info: host: 'Kostas-MacBook-Pro.local', ip: '192.168.2.135', os.name: 'Mac OS X', os.arch: 'x86_64', os.version: '10.13.2', java.version: '1.8.0_102'
Driver info: driver.version: unknown)"/>
         <system-out><![CDATA[2018-07-05 13:35:35 - [TEST_CASE][FAILED] - Test Cases/Main Test Cases/TC2_Verify Successful Appointment: Test Cases/Main Test Cases/TC2_Verify Successful Appointment FAILED because (of) Unable to open browser with url: 'http://demoaut.katalon.com' (Root cause: org.openqa.selenium.WebDriverException: Cannot find firefox binary in PATH. Make sure firefox is installed. OS appears to be: MAC
Build info: version: '3.7.1', revision: '8a0099a', time: '2017-11-06T21:07:36.161Z'
System info: host: 'Kostas-MacBook-Pro.local', ip: '192.168.2.135', os.name: 'Mac OS X', os.arch: 'x86_64', os.version: '10.13.2', java.version: '1.8.0_102'
Driver info: driver.version: unknown)

2018-07-05 13:35:35 - [TEST_STEP][PASSED] - comment: Story: Book an appointment

2018-07-05 13:35:35 - [TEST_STEP][PASSED] - comment: Given that the user has logged into their account

2018-07-05 13:35:36 - [TEST_STEP][FAILED] - openBrowser: Unable to open browser with url: 'http://demoaut.katalon.com' (Root cause: org.openqa.selenium.WebDriverException: Cannot find firefox binary in PATH. Make sure firefox is installed. OS appears to be: MAC
Build info: version: '3.7.1', revision: '8a0099a', time: '2017-11-06T21:07:36.161Z'
System info: host: 'Kostas-MacBook-Pro.local', ip: '192.168.2.135', os.name: 'Mac OS X', os.arch: 'x86_64', os.version: '10.13.2', java.version: '1.8.0_102'
Driver info: driver.version: unknown)

2018-07-05 13:35:36 - [MESSAGE][FAILED] - Unable to open browser with url: 'http://demoaut.katalon.com' (Root cause: org.openqa.selenium.WebDriverException: Cannot find firefox binary in PATH. Make sure firefox is installed. OS appears to be: MAC
Build info: version: '3.7.1', revision: '8a0099a', time: '2017-11-06T21:07:36.161Z'
System info: host: 'Kostas-MacBook-Pro.local', ip: '192.168.2.135', os.name: 'Mac OS X', os.arch: 'x86_64', os.version: '10.13.2', java.version: '1.8.0_102'
Driver info: driver.version: unknown)]]></system-out>
         <system-err><![CDATA[2018-07-05 13:35:35 - [TEST_CASE][FAILED] - Test Cases/Main Test Cases/TC2_Verify Successful Appointment: Test Cases/Main Test Cases/TC2_Verify Successful Appointment FAILED because (of) Unable to open browser with url: 'http://demoaut.katalon.com' (Root cause: org.openqa.selenium.WebDriverException: Cannot find firefox binary in PATH. Make sure firefox is installed. OS appears to be: MAC
Build info: version: '3.7.1', revision: '8a0099a', time: '2017-11-06T21:07:36.161Z'
System info: host: 'Kostas-MacBook-Pro.local', ip: '192.168.2.135', os.name: 'Mac OS X', os.arch: 'x86_64', os.version: '10.13.2', java.version: '1.8.0_102'
Driver info: driver.version: unknown)]]></system-err>
      </testcase>
      <testcase name="Test Cases/Main Test Cases/Test1" classname="Test Cases/Main Test Cases/Test1" status="FAILED">
         <failure type="FAILED" message="Unable to accept alert (Root cause: com.kms.katalon.core.webui.exception.BrowserNotOpenedException: Browser is not opened
Build info: version: '3.7.1', revision: '8a0099a', time: '2017-11-06T21:07:36.161Z'
System info: host: 'Kostas-MacBook-Pro.local', ip: '192.168.2.135', os.name: 'Mac OS X', os.arch: 'x86_64', os.version: '10.13.2', java.version: '1.8.0_102'
Driver info: driver.version: unknown)"/>
         <system-out><![CDATA[2018-07-05 13:35:36 - [TEST_CASE][FAILED] - Test Cases/Main Test Cases/Test1: Test Cases/Main Test Cases/Test1 FAILED because (of) Unable to accept alert (Root cause: com.kms.katalon.core.webui.exception.BrowserNotOpenedException: Browser is not opened
Build info: version: '3.7.1', revision: '8a0099a', time: '2017-11-06T21:07:36.161Z'
System info: host: 'Kostas-MacBook-Pro.local', ip: '192.168.2.135', os.name: 'Mac OS X', os.arch: 'x86_64', os.version: '10.13.2', java.version: '1.8.0_102'
Driver info: driver.version: unknown)

2018-07-05 13:35:36 - [TEST_STEP][FAILED] - acceptAlert: Unable to accept alert (Root cause: com.kms.katalon.core.webui.exception.BrowserNotOpenedException: Browser is not opened
Build info: version: '3.7.1', revision: '8a0099a', time: '2017-11-06T21:07:36.161Z'
System info: host: 'Kostas-MacBook-Pro.local', ip: '192.168.2.135', os.name: 'Mac OS X', os.arch: 'x86_64', os.version: '10.13.2', java.version: '1.8.0_102'
Driver info: driver.version: unknown)

2018-07-05 13:35:36 - [MESSAGE][WARNING] - Cannot take screenshot

2018-07-05 13:35:36 - [MESSAGE][FAILED] - Unable to accept alert (Root cause: com.kms.katalon.core.webui.exception.BrowserNotOpenedException: Browser is not opened
Build info: version: '3.7.1', revision: '8a0099a', time: '2017-11-06T21:07:36.161Z'
System info: host: 'Kostas-MacBook-Pro.local', ip: '192.168.2.135', os.name: 'Mac OS X', os.arch: 'x86_64', os.version: '10.13.2', java.version: '1.8.0_102'
Driver info: driver.version: unknown)]]></system-out>
         <system-err><![CDATA[2018-07-05 13:35:36 - [TEST_CASE][FAILED] - Test Cases/Main Test Cases/Test1: Test Cases/Main Test Cases/Test1 FAILED because (of) Unable to accept alert (Root cause: com.kms.katalon.core.webui.exception.BrowserNotOpenedException: Browser is not opened
Build info: version: '3.7.1', revision: '8a0099a', time: '2017-11-06T21:07:36.161Z'
System info: host: 'Kostas-MacBook-Pro.local', ip: '192.168.2.135', os.name: 'Mac OS X', os.arch: 'x86_64', os.version: '10.13.2', java.version: '1.8.0_102'
Driver info: driver.version: unknown)]]></system-err>
      </testcase>
      <system-out><![CDATA[2018-07-05 13:35:30 - [TEST_SUITE][FAILED] - TS_RegressionTest: Test Cases/Main Test Cases/TC1_Verify Successful Login FAILED because (of) Unable to open browser with url: 'http://demoaut.katalon.com' (Root cause: org.openqa.selenium.WebDriverException: Process unexpectedly closed with status: 0
Build info: version: '3.7.1', revision: '8a0099a', time: '2017-11-06T21:07:36.161Z'
System info: host: 'Kostas-MacBook-Pro.local', ip: '192.168.2.135', os.name: 'Mac OS X', os.arch: 'x86_64', os.version: '10.13.2', java.version: '1.8.0_102'
Driver info: driver.version: CGeckoDriver
remote stacktrace: stack backtrace:
   0:        0x1065f9a8e - backtrace::backtrace::trace::h69682bcb53decaf6
   1:        0x1065f9acc - backtrace::capture::Backtrace::new::hdc9d731a957304a6
   2:        0x10652a434 - webdriver::error::WebDriverError::new::h930061353eac4c81
   3:        0x106531dcc - geckodriver::marionette::MarionetteHandler::create_connection::hc09196342b760e35
   4:        0x1065117d4 - _$LT$webdriver..server..Dispatcher$LT$T$C$$u20$U$GT$$GT$::run::hfda25a6dc0b512aa
   5:        0x1064e9645 - std::sys_common::backtrace::__rust_begin_short_backtrace::h95009c1d3a320838
   6:        0x1064f111d - std::panicking::try::do_call::h8c5f07f1fc714fb2
   7:        0x1066aa9cc - __rust_maybe_catch_panic
   8:        0x106506f55 - _$LT$F$u20$as$u20$alloc..boxed..FnBox$LT$A$GT$$GT$::call_box::h6a96e09ff4d37bff
   9:        0x1066a6c3b - std::sys::imp::thread::Thread::new::thread_start::h823686b907c11c46
  10:     0x7fff7b6206c0 - _pthread_body
  11:     0x7fff7b62056c - _pthread_start)]]></system-out>
      <system-err><![CDATA[2018-07-05 13:35:30 - [TEST_SUITE][FAILED] - TS_RegressionTest: Test Cases/Main Test Cases/TC1_Verify Successful Login FAILED because (of) Unable to open browser with url: 'http://demoaut.katalon.com' (Root cause: org.openqa.selenium.WebDriverException: Process unexpectedly closed with status: 0
Build info: version: '3.7.1', revision: '8a0099a', time: '2017-11-06T21:07:36.161Z'
System info: host: 'Kostas-MacBook-Pro.local', ip: '192.168.2.135', os.name: 'Mac OS X', os.arch: 'x86_64', os.version: '10.13.2', java.version: '1.8.0_102'
Driver info: driver.version: CGeckoDriver
remote stacktrace: stack backtrace:
   0:        0x1065f9a8e - backtrace::backtrace::trace::h69682bcb53decaf6
   1:        0x1065f9acc - backtrace::capture::Backtrace::new::hdc9d731a957304a6
   2:        0x10652a434 - webdriver::error::WebDriverError::new::h930061353eac4c81
   3:        0x106531dcc - geckodriver::marionette::MarionetteHandler::create_connection::hc09196342b760e35
   4:        0x1065117d4 - _$LT$webdriver..server..Dispatcher$LT$T$C$$u20$U$GT$$GT$::run::hfda25a6dc0b512aa
   5:        0x1064e9645 - std::sys_common::backtrace::__rust_begin_short_backtrace::h95009c1d3a320838
   6:        0x1064f111d - std::panicking::try::do_call::h8c5f07f1fc714fb2
   7:        0x1066aa9cc - __rust_maybe_catch_panic
   8:        0x106506f55 - _$LT$F$u20$as$u20$alloc..boxed..FnBox$LT$A$GT$$GT$::call_box::h6a96e09ff4d37bff
   9:        0x1066a6c3b - std::sys::imp::thread::Thread::new::thread_start::h823686b907c11c46
  10:     0x7fff7b6206c0 - _pthread_body
  11:     0x7fff7b62056c - _pthread_start)]]></system-err>
   </testsuite>
</testsuites>
